[0113/114510.978:INFO:CONSOLE(726)] "A parser-blocking, cross site (i.e. different eTLD+1) script, http://s1.bdstatic.com/r/www/cache/static/global/js/all_async_search_8b82c51.js, is invoked via document.write. The network request for this script MAY be blocked by the browser in this or a future page load due to poor network connectivity. If blocked in this page load, it will be confirmed in a subsequent console message. See https://www.chromestatus.com/feature/5718547946799104 for more details.", source: http://www.baidu.com/ (726)
[0113/114510.978:INFO:CONSOLE(726)] "A parser-blocking, cross site (i.e. different eTLD+1) script, http://s1.bdstatic.com/r/www/cache/static/global/js/all_async_search_8b82c51.js, is invoked via document.write. The network request for this script MAY be blocked by the browser in this or a future page load due to poor network connectivity. If blocked in this page load, it will be confirmed in a subsequent console message. See https://www.chromestatus.com/feature/5718547946799104 for more details.", source: http://www.baidu.com/ (726)
[0113/114511.190:INFO:CONSOLE(4)] "Uncaught ReferenceError: c is not defined", source: http://s1.bdstatic.com/r/www/cache/static/plugins/every_cookie_4644b13.js (4)
[0113/114511.847:INFO:CONSOLE(1)] "Uncaught SyntaxError: Unexpected token <", source: http://www.baidu.com/search/error2.html (1)
[0113/114511.847:INFO:CONSOLE(738)] "Uncaught ReferenceError: initPreload is not defined", source: http://www.baidu.com/ (738)
[0113/114608.329:INFO:CONSOLE(726)] "A parser-blocking, cross site (i.e. different eTLD+1) script, http://s1.bdstatic.com/r/www/cache/static/global/js/all_async_search_8b82c51.js, is invoked via document.write. The network request for this script MAY be blocked by the browser in this or a future page load due to poor network connectivity. If blocked in this page load, it will be confirmed in a subsequent console message. See https://www.chromestatus.com/feature/5718547946799104 for more details.", source: http://www.baidu.com/ (726)
[0113/114608.330:INFO:CONSOLE(726)] "A parser-blocking, cross site (i.e. different eTLD+1) script, http://s1.bdstatic.com/r/www/cache/static/global/js/all_async_search_8b82c51.js, is invoked via document.write. The network request for this script MAY be blocked by the browser in this or a future page load due to poor network connectivity. If blocked in this page load, it will be confirmed in a subsequent console message. See https://www.chromestatus.com/feature/5718547946799104 for more details.", source: http://www.baidu.com/ (726)
[0113/114608.548:INFO:CONSOLE(4)] "Uncaught ReferenceError: c is not defined", source: http://s1.bdstatic.com/r/www/cache/static/plugins/every_cookie_4644b13.js (4)
[0113/114609.178:INFO:CONSOLE(1)] "Uncaught SyntaxError: Unexpected token <", source: http://www.baidu.com/search/error2.html (1)
[0113/114609.178:INFO:CONSOLE(738)] "Uncaught ReferenceError: initPreload is not defined", source: http://www.baidu.com/ (738)
[0113/114649.711:INFO:CONSOLE(726)] "A parser-blocking, cross site (i.e. different eTLD+1) script, http://s1.bdstatic.com/r/www/cache/static/global/js/all_async_search_8b82c51.js, is invoked via document.write. The network request for this script MAY be blocked by the browser in this or a future page load due to poor network connectivity. If blocked in this page load, it will be confirmed in a subsequent console message. See https://www.chromestatus.com/feature/5718547946799104 for more details.", source: http://www.baidu.com/ (726)
[0113/114649.711:INFO:CONSOLE(726)] "A parser-blocking, cross site (i.e. different eTLD+1) script, http://s1.bdstatic.com/r/www/cache/static/global/js/all_async_search_8b82c51.js, is invoked via document.write. The network request for this script MAY be blocked by the browser in this or a future page load due to poor network connectivity. If blocked in this page load, it will be confirmed in a subsequent console message. See https://www.chromestatus.com/feature/5718547946799104 for more details.", source: http://www.baidu.com/ (726)
[0113/114649.927:INFO:CONSOLE(4)] "Uncaught ReferenceError: c is not defined", source: http://s1.bdstatic.com/r/www/cache/static/plugins/every_cookie_4644b13.js (4)
[0113/114650.552:INFO:CONSOLE(1)] "Uncaught SyntaxError: Unexpected token <", source: http://www.baidu.com/search/error2.html (1)
[0113/114650.553:INFO:CONSOLE(738)] "Uncaught ReferenceError: initPreload is not defined", source: http://www.baidu.com/ (738)
[0113/114716.510:INFO:CONSOLE(726)] "A parser-blocking, cross site (i.e. different eTLD+1) script, http://s1.bdstatic.com/r/www/cache/static/global/js/all_async_search_8b82c51.js, is invoked via document.write. The network request for this script MAY be blocked by the browser in this or a future page load due to poor network connectivity. If blocked in this page load, it will be confirmed in a subsequent console message. See https://www.chromestatus.com/feature/5718547946799104 for more details.", source: http://www.baidu.com/ (726)
[0113/114716.511:INFO:CONSOLE(726)] "A parser-blocking, cross site (i.e. different eTLD+1) script, http://s1.bdstatic.com/r/www/cache/static/global/js/all_async_search_8b82c51.js, is invoked via document.write. The network request for this script MAY be blocked by the browser in this or a future page load due to poor network connectivity. If blocked in this page load, it will be confirmed in a subsequent console message. See https://www.chromestatus.com/feature/5718547946799104 for more details.", source: http://www.baidu.com/ (726)
[0113/114716.735:INFO:CONSOLE(4)] "Uncaught ReferenceError: c is not defined", source: http://s1.bdstatic.com/r/www/cache/static/plugins/every_cookie_4644b13.js (4)
[0113/114718.197:INFO:CONSOLE(1)] "Uncaught SyntaxError: Unexpected token <", source: http://www.baidu.com/search/error2.html (1)
[0113/114718.198:INFO:CONSOLE(738)] "Uncaught ReferenceError: initPreload is not defined", source: http://www.baidu.com/ (738)
[0113/114734.744:INFO:CONSOLE(726)] "A parser-blocking, cross site (i.e. different eTLD+1) script, http://s1.bdstatic.com/r/www/cache/static/global/js/all_async_search_8b82c51.js, is invoked via document.write. The network request for this script MAY be blocked by the browser in this or a future page load due to poor network connectivity. If blocked in this page load, it will be confirmed in a subsequent console message. See https://www.chromestatus.com/feature/5718547946799104 for more details.", source: http://www.baidu.com/ (726)
[0113/114734.744:INFO:CONSOLE(726)] "A parser-blocking, cross site (i.e. different eTLD+1) script, http://s1.bdstatic.com/r/www/cache/static/global/js/all_async_search_8b82c51.js, is invoked via document.write. The network request for this script MAY be blocked by the browser in this or a future page load due to poor network connectivity. If blocked in this page load, it will be confirmed in a subsequent console message. See https://www.chromestatus.com/feature/5718547946799104 for more details.", source: http://www.baidu.com/ (726)
[0113/114734.994:INFO:CONSOLE(4)] "Uncaught ReferenceError: c is not defined", source: http://s1.bdstatic.com/r/www/cache/static/plugins/every_cookie_4644b13.js (4)
[0113/114735.712:INFO:CONSOLE(1)] "Uncaught SyntaxError: Unexpected token <", source: http://www.baidu.com/search/error2.html (1)
[0113/114735.712:INFO:CONSOLE(738)] "Uncaught ReferenceError: initPreload is not defined", source: http://www.baidu.com/ (738)
[0113/114853.805:INFO:CONSOLE(726)] "A parser-blocking, cross site (i.e. different eTLD+1) script, http://s1.bdstatic.com/r/www/cache/static/global/js/all_async_search_8b82c51.js, is invoked via document.write. The network request for this script MAY be blocked by the browser in this or a future page load due to poor network connectivity. If blocked in this page load, it will be confirmed in a subsequent console message. See https://www.chromestatus.com/feature/5718547946799104 for more details.", source: http://www.baidu.com/ (726)
[0113/114853.806:INFO:CONSOLE(726)] "A parser-blocking, cross site (i.e. different eTLD+1) script, http://s1.bdstatic.com/r/www/cache/static/global/js/all_async_search_8b82c51.js, is invoked via document.write. The network request for this script MAY be blocked by the browser in this or a future page load due to poor network connectivity. If blocked in this page load, it will be confirmed in a subsequent console message. See https://www.chromestatus.com/feature/5718547946799104 for more details.", source: http://www.baidu.com/ (726)
[0113/114854.025:INFO:CONSOLE(4)] "Uncaught ReferenceError: c is not defined", source: http://s1.bdstatic.com/r/www/cache/static/plugins/every_cookie_4644b13.js (4)
[0113/114854.665:INFO:CONSOLE(1)] "Uncaught SyntaxError: Unexpected token <", source: http://www.baidu.com/search/error2.html (1)
[0113/114854.666:INFO:CONSOLE(738)] "Uncaught ReferenceError: initPreload is not defined", source: http://www.baidu.com/ (738)
[0113/114903.030:INFO:CONSOLE(726)] "A parser-blocking, cross site (i.e. different eTLD+1) script, http://s1.bdstatic.com/r/www/cache/static/global/js/all_async_search_8b82c51.js, is invoked via document.write. The network request for this script MAY be blocked by the browser in this or a future page load due to poor network connectivity. If blocked in this page load, it will be confirmed in a subsequent console message. See https://www.chromestatus.com/feature/5718547946799104 for more details.", source: http://www.baidu.com/ (726)
[0113/114903.030:INFO:CONSOLE(726)] "A parser-blocking, cross site (i.e. different eTLD+1) script, http://s1.bdstatic.com/r/www/cache/static/global/js/all_async_search_8b82c51.js, is invoked via document.write. The network request for this script MAY be blocked by the browser in this or a future page load due to poor network connectivity. If blocked in this page load, it will be confirmed in a subsequent console message. See https://www.chromestatus.com/feature/5718547946799104 for more details.", source: http://www.baidu.com/ (726)
[0113/114903.256:INFO:CONSOLE(4)] "Uncaught ReferenceError: c is not defined", source: http://s1.bdstatic.com/r/www/cache/static/plugins/every_cookie_4644b13.js (4)
[0113/114903.877:INFO:CONSOLE(1)] "Uncaught SyntaxError: Unexpected token <", source: http://www.baidu.com/search/error2.html (1)
[0113/114903.877:INFO:CONSOLE(738)] "Uncaught ReferenceError: initPreload is not defined", source: http://www.baidu.com/ (738)
[0113/114905.384:INFO:CONSOLE(437)] "Uncaught ReferenceError: ns_c is not defined", source: http://www.baidu.com/ (437)
[0113/114913.345:INFO:CONSOLE(437)] "Uncaught ReferenceError: ns_c is not defined", source: http://www.baidu.com/ (437)
[0113/114914.123:INFO:CONSOLE(3828)] "A parser-blocking, cross site (i.e. different eTLD+1) script, http://s1.bdstatic.com/r/www/cache/static/global/js/all_async_search_8b82c51.js, is invoked via document.write. The network request for this script MAY be blocked by the browser in this or a future page load due to poor network connectivity. If blocked in this page load, it will be confirmed in a subsequent console message. See https://www.chromestatus.com/feature/5718547946799104 for more details.", source: http://www.baidu.com/s?wd=%E4%BB%8A%E6%97%A5%E6%96%B0%E9%B2%9C%E4%BA%8B&tn=SE_PclogoS_8whnvm25&sa=ire_dl_gh_logo&rsv_dl=igh_logo_pcs (3828)
[0113/114914.124:INFO:CONSOLE(3828)] "A parser-blocking, cross site (i.e. different eTLD+1) script, http://s1.bdstatic.com/r/www/cache/static/global/js/all_async_search_8b82c51.js, is invoked via document.write. The network request for this script MAY be blocked by the browser in this or a future page load due to poor network connectivity. If blocked in this page load, it will be confirmed in a subsequent console message. See https://www.chromestatus.com/feature/5718547946799104 for more details.", source: http://www.baidu.com/s?wd=%E4%BB%8A%E6%97%A5%E6%96%B0%E9%B2%9C%E4%BA%8B&tn=SE_PclogoS_8whnvm25&sa=ire_dl_gh_logo&rsv_dl=igh_logo_pcs (3828)
[0113/114914.879:INFO:CONSOLE(1)] "Uncaught SyntaxError: Unexpected token <", source: http://www.baidu.com/search/error2.html (1)
[0113/114914.880:INFO:CONSOLE(3860)] "Uncaught ReferenceError: initPreload is not defined", source: http://www.baidu.com/s?wd=%E4%BB%8A%E6%97%A5%E6%96%B0%E9%B2%9C%E4%BA%8B&tn=SE_PclogoS_8whnvm25&sa=ire_dl_gh_logo&rsv_dl=igh_logo_pcs (3860)
[0113/114914.881:INFO:CONSOLE(3874)] "Uncaught TypeError: Cannot read property 'addConfig' of undefined", source: http://www.baidu.com/s?wd=%E4%BB%8A%E6%97%A5%E6%96%B0%E9%B2%9C%E4%BA%8B&tn=SE_PclogoS_8whnvm25&sa=ire_dl_gh_logo&rsv_dl=igh_logo_pcs (3874)
[0113/114929.062:INFO:CONSOLE(5901)] "Mixed Content: The page at 'https://news.sina.com.cn/' was loaded over HTTPS, but requested an insecure image 'http://n.sinaimg.cn/blog/700/w1000h500/20190111/zYl3-hrpcmqv3781252.jpg'. This content should also be served over HTTPS.", source: https://news.sina.com.cn/ (5901)
[0113/114929.284:INFO:CONSOLE(1)] "Uncaught ReferenceError: etag_ngx_str is not defined", source: https://sbeacon.sina.com.cn/h.js (1)
[0113/114933.211:INFO:CONSOLE(40)] "Mixed Content: The page at 'https://news.sina.com.cn/' was loaded over a secure connection, but contains a form that targets an insecure endpoint 'http://house.leju.com/cz/search/search_simple.php'. This endpoint should be made available over a secure connection.", source: https://bj.leju.com/js/sina2009/location.js (40)
[0113/114935.891:WARNING:spdy_session.cc(3097)] Received HEADERS for invalid stream 39
[0113/120610.600:INFO:CONSOLE(726)] "A parser-blocking, cross site (i.e. different eTLD+1) script, http://s1.bdstatic.com/r/www/cache/static/global/js/all_async_search_8b82c51.js, is invoked via document.write. The network request for this script MAY be blocked by the browser in this or a future page load due to poor network connectivity. If blocked in this page load, it will be confirmed in a subsequent console message. See https://www.chromestatus.com/feature/5718547946799104 for more details.", source: http://www.baidu.com/ (726)
[0113/120610.600:INFO:CONSOLE(726)] "A parser-blocking, cross site (i.e. different eTLD+1) script, http://s1.bdstatic.com/r/www/cache/static/global/js/all_async_search_8b82c51.js, is invoked via document.write. The network request for this script MAY be blocked by the browser in this or a future page load due to poor network connectivity. If blocked in this page load, it will be confirmed in a subsequent console message. See https://www.chromestatus.com/feature/5718547946799104 for more details.", source: http://www.baidu.com/ (726)
[0113/120610.819:INFO:CONSOLE(4)] "Uncaught ReferenceError: c is not defined", source: http://s1.bdstatic.com/r/www/cache/static/plugins/every_cookie_4644b13.js (4)
[0113/120611.459:INFO:CONSOLE(1)] "Uncaught SyntaxError: Unexpected token <", source: http://www.baidu.com/search/error2.html (1)
[0113/120611.460:INFO:CONSOLE(738)] "Uncaught ReferenceError: initPreload is not defined", source: http://www.baidu.com/ (738)
[0113/135509.228:INFO:CONSOLE(726)] "A parser-blocking, cross site (i.e. different eTLD+1) script, https://ss1.bdstatic.com/5eN1bjq8AAUYm2zgoY3K/r/www/cache/static/protocol/https/global/js/all_async_search_8b82c51.js, is invoked via document.write. The network request for this script MAY be blocked by the browser in this or a future page load due to poor network connectivity. If blocked in this page load, it will be confirmed in a subsequent console message. See https://www.chromestatus.com/feature/5718547946799104 for more details.", source: https://www.baidu.com/ (726)
[0113/135509.229:INFO:CONSOLE(726)] "A parser-blocking, cross site (i.e. different eTLD+1) script, https://ss1.bdstatic.com/5eN1bjq8AAUYm2zgoY3K/r/www/cache/static/protocol/https/global/js/all_async_search_8b82c51.js, is invoked via document.write. The network request for this script MAY be blocked by the browser in this or a future page load due to poor network connectivity. If blocked in this page load, it will be confirmed in a subsequent console message. See https://www.chromestatus.com/feature/5718547946799104 for more details.", source: https://www.baidu.com/ (726)
[0113/135509.309:INFO:CONSOLE(179)] "同学，祝贺你喜提彩蛋~
或许你们还在犹豫是否加入，我会坦诚的告诉你我们超酷；
在这里大家都用无人车代步，AI音箱不仅播放还可以交互；
人工智能是发展的核心技术，做自己让未来不只领先几步；
在这里做自己，欢迎来到百度！
", source: https://ss1.bdstatic.com/5eN1bjq8AAUYm2zgoY3K/r/www/cache/static/protocol/https/global/js/all_async_search_8b82c51.js (179)
[0113/135509.309:INFO:CONSOLE(179)] "%c百度2019校园招聘简历提交：http://dwz.cn/XpoFdepe （你将有机会直接获得面试资格）", source: https://ss1.bdstatic.com/5eN1bjq8AAUYm2zgoY3K/r/www/cache/static/protocol/https/global/js/all_async_search_8b82c51.js (179)
[0113/135523.919:INFO:CONSOLE(13)] "A parser-blocking, cross site (i.e. different eTLD+1) script, http://news-bos.cdn.bcebos.com/mvideo/pcconf.js?1547358923918, is invoked via document.write. The network request for this script MAY be blocked by the browser in this or a future page load due to poor network connectivity. If blocked in this page load, it will be confirmed in a subsequent console message. See https://www.chromestatus.com/feature/5718547946799104 for more details.", source: http://news.baidu.com/ (13)
[0113/135523.922:INFO:CONSOLE(13)] "A parser-blocking, cross site (i.e. different eTLD+1) script, http://news-bos.cdn.bcebos.com/mvideo/pcconf.js?1547358923918, is invoked via document.write. The network request for this script MAY be blocked by the browser in this or a future page load due to poor network connectivity. If blocked in this page load, it will be confirmed in a subsequent console message. See https://www.chromestatus.com/feature/5718547946799104 for more details.", source: http://news.baidu.com/ (13)
[0113/135528.528:ERROR:ssl_client_socket_impl.cc(1050)] handshake failed; returned -1, SSL error code 1, net_error -100
[0113/135528.533:ERROR:ssl_client_socket_impl.cc(1050)] handshake failed; returned -1, SSL error code 1, net_error -101
[0113/135528.534:ERROR:ssl_client_socket_impl.cc(1050)] handshake failed; returned -1, SSL error code 1, net_error -100
[0113/135528.539:ERROR:ssl_client_socket_impl.cc(1050)] handshake failed; returned -1, SSL error code 1, net_error -101
[0113/135528.539:ERROR:ssl_client_socket_impl.cc(1050)] handshake failed; returned -1, SSL error code 1, net_error -101
[0113/135528.540:ERROR:ssl_client_socket_impl.cc(1050)] handshake failed; returned -1, SSL error code 1, net_error -100
[0113/135545.662:INFO:CONSOLE(726)] "A parser-blocking, cross site (i.e. different eTLD+1) script, https://ss1.bdstatic.com/5eN1bjq8AAUYm2zgoY3K/r/www/cache/static/protocol/https/global/js/all_async_search_8b82c51.js, is invoked via document.write. The network request for this script MAY be blocked by the browser in this or a future page load due to poor network connectivity. If blocked in this page load, it will be confirmed in a subsequent console message. See https://www.chromestatus.com/feature/5718547946799104 for more details.", source: https://www.baidu.com/ (726)
[0113/135545.662:INFO:CONSOLE(726)] "A parser-blocking, cross site (i.e. different eTLD+1) script, https://ss1.bdstatic.com/5eN1bjq8AAUYm2zgoY3K/r/www/cache/static/protocol/https/global/js/all_async_search_8b82c51.js, is invoked via document.write. The network request for this script MAY be blocked by the browser in this or a future page load due to poor network connectivity. If blocked in this page load, it will be confirmed in a subsequent console message. See https://www.chromestatus.com/feature/5718547946799104 for more details.", source: https://www.baidu.com/ (726)
[0113/135545.737:INFO:CONSOLE(179)] "同学，祝贺你喜提彩蛋~
或许你们还在犹豫是否加入，我会坦诚的告诉你我们超酷；
在这里大家都用无人车代步，AI音箱不仅播放还可以交互；
人工智能是发展的核心技术，做自己让未来不只领先几步；
在这里做自己，欢迎来到百度！
", source: https://ss1.bdstatic.com/5eN1bjq8AAUYm2zgoY3K/r/www/cache/static/protocol/https/global/js/all_async_search_8b82c51.js (179)
[0113/135545.737:INFO:CONSOLE(179)] "%c百度2019校园招聘简历提交：http://dwz.cn/XpoFdepe （你将有机会直接获得面试资格）", source: https://ss1.bdstatic.com/5eN1bjq8AAUYm2zgoY3K/r/www/cache/static/protocol/https/global/js/all_async_search_8b82c51.js (179)
[0113/140041.033:INFO:CONSOLE(726)] "A parser-blocking, cross site (i.e. different eTLD+1) script, https://ss1.bdstatic.com/5eN1bjq8AAUYm2zgoY3K/r/www/cache/static/protocol/https/global/js/all_async_search_8b82c51.js, is invoked via document.write. The network request for this script MAY be blocked by the browser in this or a future page load due to poor network connectivity. If blocked in this page load, it will be confirmed in a subsequent console message. See https://www.chromestatus.com/feature/5718547946799104 for more details.", source: https://www.baidu.com/ (726)
[0113/140041.035:INFO:CONSOLE(726)] "A parser-blocking, cross site (i.e. different eTLD+1) script, https://ss1.bdstatic.com/5eN1bjq8AAUYm2zgoY3K/r/www/cache/static/protocol/https/global/js/all_async_search_8b82c51.js, is invoked via document.write. The network request for this script MAY be blocked by the browser in this or a future page load due to poor network connectivity. If blocked in this page load, it will be confirmed in a subsequent console message. See https://www.chromestatus.com/feature/5718547946799104 for more details.", source: https://www.baidu.com/ (726)
[0113/140041.115:INFO:CONSOLE(179)] "同学，祝贺你喜提彩蛋~
或许你们还在犹豫是否加入，我会坦诚的告诉你我们超酷；
在这里大家都用无人车代步，AI音箱不仅播放还可以交互；
人工智能是发展的核心技术，做自己让未来不只领先几步；
在这里做自己，欢迎来到百度！
", source: https://ss1.bdstatic.com/5eN1bjq8AAUYm2zgoY3K/r/www/cache/static/protocol/https/global/js/all_async_search_8b82c51.js (179)
[0113/140041.116:INFO:CONSOLE(179)] "%c百度2019校园招聘简历提交：http://dwz.cn/XpoFdepe （你将有机会直接获得面试资格）", source: https://ss1.bdstatic.com/5eN1bjq8AAUYm2zgoY3K/r/www/cache/static/protocol/https/global/js/all_async_search_8b82c51.js (179)
[0113/140130.048:INFO:CONSOLE(726)] "A parser-blocking, cross site (i.e. different eTLD+1) script, https://ss1.bdstatic.com/5eN1bjq8AAUYm2zgoY3K/r/www/cache/static/protocol/https/global/js/all_async_search_8b82c51.js, is invoked via document.write. The network request for this script MAY be blocked by the browser in this or a future page load due to poor network connectivity. If blocked in this page load, it will be confirmed in a subsequent console message. See https://www.chromestatus.com/feature/5718547946799104 for more details.", source: https://www.baidu.com/ (726)
[0113/140130.048:INFO:CONSOLE(726)] "A parser-blocking, cross site (i.e. different eTLD+1) script, https://ss1.bdstatic.com/5eN1bjq8AAUYm2zgoY3K/r/www/cache/static/protocol/https/global/js/all_async_search_8b82c51.js, is invoked via document.write. The network request for this script MAY be blocked by the browser in this or a future page load due to poor network connectivity. If blocked in this page load, it will be confirmed in a subsequent console message. See https://www.chromestatus.com/feature/5718547946799104 for more details.", source: https://www.baidu.com/ (726)
[0113/140130.131:INFO:CONSOLE(179)] "同学，祝贺你喜提彩蛋~
或许你们还在犹豫是否加入，我会坦诚的告诉你我们超酷；
在这里大家都用无人车代步，AI音箱不仅播放还可以交互；
人工智能是发展的核心技术，做自己让未来不只领先几步；
在这里做自己，欢迎来到百度！
", source: https://ss1.bdstatic.com/5eN1bjq8AAUYm2zgoY3K/r/www/cache/static/protocol/https/global/js/all_async_search_8b82c51.js (179)
[0113/140130.131:INFO:CONSOLE(179)] "%c百度2019校园招聘简历提交：http://dwz.cn/XpoFdepe （你将有机会直接获得面试资格）", source: https://ss1.bdstatic.com/5eN1bjq8AAUYm2zgoY3K/r/www/cache/static/protocol/https/global/js/all_async_search_8b82c51.js (179)
[0113/140402.475:INFO:CONSOLE(726)] "A parser-blocking, cross site (i.e. different eTLD+1) script, https://ss1.bdstatic.com/5eN1bjq8AAUYm2zgoY3K/r/www/cache/static/protocol/https/global/js/all_async_search_8b82c51.js, is invoked via document.write. The network request for this script MAY be blocked by the browser in this or a future page load due to poor network connectivity. If blocked in this page load, it will be confirmed in a subsequent console message. See https://www.chromestatus.com/feature/5718547946799104 for more details.", source: https://www.baidu.com/ (726)
[0113/140402.476:INFO:CONSOLE(726)] "A parser-blocking, cross site (i.e. different eTLD+1) script, https://ss1.bdstatic.com/5eN1bjq8AAUYm2zgoY3K/r/www/cache/static/protocol/https/global/js/all_async_search_8b82c51.js, is invoked via document.write. The network request for this script MAY be blocked by the browser in this or a future page load due to poor network connectivity. If blocked in this page load, it will be confirmed in a subsequent console message. See https://www.chromestatus.com/feature/5718547946799104 for more details.", source: https://www.baidu.com/ (726)
[0113/140402.558:INFO:CONSOLE(179)] "同学，祝贺你喜提彩蛋~
或许你们还在犹豫是否加入，我会坦诚的告诉你我们超酷；
在这里大家都用无人车代步，AI音箱不仅播放还可以交互；
人工智能是发展的核心技术，做自己让未来不只领先几步；
在这里做自己，欢迎来到百度！
", source: https://ss1.bdstatic.com/5eN1bjq8AAUYm2zgoY3K/r/www/cache/static/protocol/https/global/js/all_async_search_8b82c51.js (179)
[0113/140402.558:INFO:CONSOLE(179)] "%c百度2019校园招聘简历提交：http://dwz.cn/XpoFdepe （你将有机会直接获得面试资格）", source: https://ss1.bdstatic.com/5eN1bjq8AAUYm2zgoY3K/r/www/cache/static/protocol/https/global/js/all_async_search_8b82c51.js (179)
[0113/140706.512:INFO:CONSOLE(726)] "A parser-blocking, cross site (i.e. different eTLD+1) script, https://ss1.bdstatic.com/5eN1bjq8AAUYm2zgoY3K/r/www/cache/static/protocol/https/global/js/all_async_search_8b82c51.js, is invoked via document.write. The network request for this script MAY be blocked by the browser in this or a future page load due to poor network connectivity. If blocked in this page load, it will be confirmed in a subsequent console message. See https://www.chromestatus.com/feature/5718547946799104 for more details.", source: https://www.baidu.com/ (726)
[0113/140706.512:INFO:CONSOLE(726)] "A parser-blocking, cross site (i.e. different eTLD+1) script, https://ss1.bdstatic.com/5eN1bjq8AAUYm2zgoY3K/r/www/cache/static/protocol/https/global/js/all_async_search_8b82c51.js, is invoked via document.write. The network request for this script MAY be blocked by the browser in this or a future page load due to poor network connectivity. If blocked in this page load, it will be confirmed in a subsequent console message. See https://www.chromestatus.com/feature/5718547946799104 for more details.", source: https://www.baidu.com/ (726)
[0113/140706.584:INFO:CONSOLE(179)] "同学，祝贺你喜提彩蛋~
或许你们还在犹豫是否加入，我会坦诚的告诉你我们超酷；
在这里大家都用无人车代步，AI音箱不仅播放还可以交互；
人工智能是发展的核心技术，做自己让未来不只领先几步；
在这里做自己，欢迎来到百度！
", source: https://ss1.bdstatic.com/5eN1bjq8AAUYm2zgoY3K/r/www/cache/static/protocol/https/global/js/all_async_search_8b82c51.js (179)
[0113/140706.584:INFO:CONSOLE(179)] "%c百度2019校园招聘简历提交：http://dwz.cn/XpoFdepe （你将有机会直接获得面试资格）", source: https://ss1.bdstatic.com/5eN1bjq8AAUYm2zgoY3K/r/www/cache/static/protocol/https/global/js/all_async_search_8b82c51.js (179)
[0113/141008.275:INFO:CONSOLE(726)] "A parser-blocking, cross site (i.e. different eTLD+1) script, https://ss1.bdstatic.com/5eN1bjq8AAUYm2zgoY3K/r/www/cache/static/protocol/https/global/js/all_async_search_8b82c51.js, is invoked via document.write. The network request for this script MAY be blocked by the browser in this or a future page load due to poor network connectivity. If blocked in this page load, it will be confirmed in a subsequent console message. See https://www.chromestatus.com/feature/5718547946799104 for more details.", source: https://www.baidu.com/ (726)
[0113/141008.275:INFO:CONSOLE(726)] "A parser-blocking, cross site (i.e. different eTLD+1) script, https://ss1.bdstatic.com/5eN1bjq8AAUYm2zgoY3K/r/www/cache/static/protocol/https/global/js/all_async_search_8b82c51.js, is invoked via document.write. The network request for this script MAY be blocked by the browser in this or a future page load due to poor network connectivity. If blocked in this page load, it will be confirmed in a subsequent console message. See https://www.chromestatus.com/feature/5718547946799104 for more details.", source: https://www.baidu.com/ (726)
[0113/141008.353:INFO:CONSOLE(179)] "同学，祝贺你喜提彩蛋~
或许你们还在犹豫是否加入，我会坦诚的告诉你我们超酷；
在这里大家都用无人车代步，AI音箱不仅播放还可以交互；
人工智能是发展的核心技术，做自己让未来不只领先几步；
在这里做自己，欢迎来到百度！
", source: https://ss1.bdstatic.com/5eN1bjq8AAUYm2zgoY3K/r/www/cache/static/protocol/https/global/js/all_async_search_8b82c51.js (179)
[0113/141008.353:INFO:CONSOLE(179)] "%c百度2019校园招聘简历提交：http://dwz.cn/XpoFdepe （你将有机会直接获得面试资格）", source: https://ss1.bdstatic.com/5eN1bjq8AAUYm2zgoY3K/r/www/cache/static/protocol/https/global/js/all_async_search_8b82c51.js (179)
[0113/141105.918:INFO:CONSOLE(726)] "A parser-blocking, cross site (i.e. different eTLD+1) script, https://ss1.bdstatic.com/5eN1bjq8AAUYm2zgoY3K/r/www/cache/static/protocol/https/global/js/all_async_search_8b82c51.js, is invoked via document.write. The network request for this script MAY be blocked by the browser in this or a future page load due to poor network connectivity. If blocked in this page load, it will be confirmed in a subsequent console message. See https://www.chromestatus.com/feature/5718547946799104 for more details.", source: https://www.baidu.com/ (726)
[0113/141105.919:INFO:CONSOLE(726)] "A parser-blocking, cross site (i.e. different eTLD+1) script, https://ss1.bdstatic.com/5eN1bjq8AAUYm2zgoY3K/r/www/cache/static/protocol/https/global/js/all_async_search_8b82c51.js, is invoked via document.write. The network request for this script MAY be blocked by the browser in this or a future page load due to poor network connectivity. If blocked in this page load, it will be confirmed in a subsequent console message. See https://www.chromestatus.com/feature/5718547946799104 for more details.", source: https://www.baidu.com/ (726)
[0113/141105.993:INFO:CONSOLE(179)] "同学，祝贺你喜提彩蛋~
或许你们还在犹豫是否加入，我会坦诚的告诉你我们超酷；
在这里大家都用无人车代步，AI音箱不仅播放还可以交互；
人工智能是发展的核心技术，做自己让未来不只领先几步；
在这里做自己，欢迎来到百度！
", source: https://ss1.bdstatic.com/5eN1bjq8AAUYm2zgoY3K/r/www/cache/static/protocol/https/global/js/all_async_search_8b82c51.js (179)
[0113/141105.993:INFO:CONSOLE(179)] "%c百度2019校园招聘简历提交：http://dwz.cn/XpoFdepe （你将有机会直接获得面试资格）", source: https://ss1.bdstatic.com/5eN1bjq8AAUYm2zgoY3K/r/www/cache/static/protocol/https/global/js/all_async_search_8b82c51.js (179)
[0113/141126.237:INFO:CONSOLE(726)] "A parser-blocking, cross site (i.e. different eTLD+1) script, https://ss1.bdstatic.com/5eN1bjq8AAUYm2zgoY3K/r/www/cache/static/protocol/https/global/js/all_async_search_8b82c51.js, is invoked via document.write. The network request for this script MAY be blocked by the browser in this or a future page load due to poor network connectivity. If blocked in this page load, it will be confirmed in a subsequent console message. See https://www.chromestatus.com/feature/5718547946799104 for more details.", source: https://www.baidu.com/ (726)
[0113/141126.238:INFO:CONSOLE(726)] "A parser-blocking, cross site (i.e. different eTLD+1) script, https://ss1.bdstatic.com/5eN1bjq8AAUYm2zgoY3K/r/www/cache/static/protocol/https/global/js/all_async_search_8b82c51.js, is invoked via document.write. The network request for this script MAY be blocked by the browser in this or a future page load due to poor network connectivity. If blocked in this page load, it will be confirmed in a subsequent console message. See https://www.chromestatus.com/feature/5718547946799104 for more details.", source: https://www.baidu.com/ (726)
[0113/141126.321:INFO:CONSOLE(179)] "同学，祝贺你喜提彩蛋~
或许你们还在犹豫是否加入，我会坦诚的告诉你我们超酷；
在这里大家都用无人车代步，AI音箱不仅播放还可以交互；
人工智能是发展的核心技术，做自己让未来不只领先几步；
在这里做自己，欢迎来到百度！
", source: https://ss1.bdstatic.com/5eN1bjq8AAUYm2zgoY3K/r/www/cache/static/protocol/https/global/js/all_async_search_8b82c51.js (179)
[0113/141126.322:INFO:CONSOLE(179)] "%c百度2019校园招聘简历提交：http://dwz.cn/XpoFdepe （你将有机会直接获得面试资格）", source: https://ss1.bdstatic.com/5eN1bjq8AAUYm2zgoY3K/r/www/cache/static/protocol/https/global/js/all_async_search_8b82c51.js (179)
[0113/141144.837:INFO:CONSOLE(726)] "A parser-blocking, cross site (i.e. different eTLD+1) script, https://ss1.bdstatic.com/5eN1bjq8AAUYm2zgoY3K/r/www/cache/static/protocol/https/global/js/all_async_search_8b82c51.js, is invoked via document.write. The network request for this script MAY be blocked by the browser in this or a future page load due to poor network connectivity. If blocked in this page load, it will be confirmed in a subsequent console message. See https://www.chromestatus.com/feature/5718547946799104 for more details.", source: https://www.baidu.com/ (726)
[0113/141144.838:INFO:CONSOLE(726)] "A parser-blocking, cross site (i.e. different eTLD+1) script, https://ss1.bdstatic.com/5eN1bjq8AAUYm2zgoY3K/r/www/cache/static/protocol/https/global/js/all_async_search_8b82c51.js, is invoked via document.write. The network request for this script MAY be blocked by the browser in this or a future page load due to poor network connectivity. If blocked in this page load, it will be confirmed in a subsequent console message. See https://www.chromestatus.com/feature/5718547946799104 for more details.", source: https://www.baidu.com/ (726)
[0113/141144.934:INFO:CONSOLE(179)] "同学，祝贺你喜提彩蛋~
或许你们还在犹豫是否加入，我会坦诚的告诉你我们超酷；
在这里大家都用无人车代步，AI音箱不仅播放还可以交互；
人工智能是发展的核心技术，做自己让未来不只领先几步；
在这里做自己，欢迎来到百度！
", source: https://ss1.bdstatic.com/5eN1bjq8AAUYm2zgoY3K/r/www/cache/static/protocol/https/global/js/all_async_search_8b82c51.js (179)
[0113/141144.935:INFO:CONSOLE(179)] "%c百度2019校园招聘简历提交：http://dwz.cn/XpoFdepe （你将有机会直接获得面试资格）", source: https://ss1.bdstatic.com/5eN1bjq8AAUYm2zgoY3K/r/www/cache/static/protocol/https/global/js/all_async_search_8b82c51.js (179)
[0113/141155.880:INFO:CONSOLE(726)] "A parser-blocking, cross site (i.e. different eTLD+1) script, https://ss1.bdstatic.com/5eN1bjq8AAUYm2zgoY3K/r/www/cache/static/protocol/https/global/js/all_async_search_8b82c51.js, is invoked via document.write. The network request for this script MAY be blocked by the browser in this or a future page load due to poor network connectivity. If blocked in this page load, it will be confirmed in a subsequent console message. See https://www.chromestatus.com/feature/5718547946799104 for more details.", source: https://www.baidu.com/ (726)
[0113/141155.881:INFO:CONSOLE(726)] "A parser-blocking, cross site (i.e. different eTLD+1) script, https://ss1.bdstatic.com/5eN1bjq8AAUYm2zgoY3K/r/www/cache/static/protocol/https/global/js/all_async_search_8b82c51.js, is invoked via document.write. The network request for this script MAY be blocked by the browser in this or a future page load due to poor network connectivity. If blocked in this page load, it will be confirmed in a subsequent console message. See https://www.chromestatus.com/feature/5718547946799104 for more details.", source: https://www.baidu.com/ (726)
[0113/141155.959:INFO:CONSOLE(179)] "同学，祝贺你喜提彩蛋~
或许你们还在犹豫是否加入，我会坦诚的告诉你我们超酷；
在这里大家都用无人车代步，AI音箱不仅播放还可以交互；
人工智能是发展的核心技术，做自己让未来不只领先几步；
在这里做自己，欢迎来到百度！
", source: https://ss1.bdstatic.com/5eN1bjq8AAUYm2zgoY3K/r/www/cache/static/protocol/https/global/js/all_async_search_8b82c51.js (179)
[0113/141155.959:INFO:CONSOLE(179)] "%c百度2019校园招聘简历提交：http://dwz.cn/XpoFdepe （你将有机会直接获得面试资格）", source: https://ss1.bdstatic.com/5eN1bjq8AAUYm2zgoY3K/r/www/cache/static/protocol/https/global/js/all_async_search_8b82c51.js (179)
[0113/141446.977:INFO:CONSOLE(726)] "A parser-blocking, cross site (i.e. different eTLD+1) script, https://ss1.bdstatic.com/5eN1bjq8AAUYm2zgoY3K/r/www/cache/static/protocol/https/global/js/all_async_search_8b82c51.js, is invoked via document.write. The network request for this script MAY be blocked by the browser in this or a future page load due to poor network connectivity. If blocked in this page load, it will be confirmed in a subsequent console message. See https://www.chromestatus.com/feature/5718547946799104 for more details.", source: https://www.baidu.com/ (726)
[0113/141446.978:INFO:CONSOLE(726)] "A parser-blocking, cross site (i.e. different eTLD+1) script, https://ss1.bdstatic.com/5eN1bjq8AAUYm2zgoY3K/r/www/cache/static/protocol/https/global/js/all_async_search_8b82c51.js, is invoked via document.write. The network request for this script MAY be blocked by the browser in this or a future page load due to poor network connectivity. If blocked in this page load, it will be confirmed in a subsequent console message. See https://www.chromestatus.com/feature/5718547946799104 for more details.", source: https://www.baidu.com/ (726)
[0113/141447.118:INFO:CONSOLE(179)] "同学，祝贺你喜提彩蛋~
或许你们还在犹豫是否加入，我会坦诚的告诉你我们超酷；
在这里大家都用无人车代步，AI音箱不仅播放还可以交互；
人工智能是发展的核心技术，做自己让未来不只领先几步；
在这里做自己，欢迎来到百度！
", source: https://ss1.bdstatic.com/5eN1bjq8AAUYm2zgoY3K/r/www/cache/static/protocol/https/global/js/all_async_search_8b82c51.js (179)
[0113/141447.118:INFO:CONSOLE(179)] "%c百度2019校园招聘简历提交：http://dwz.cn/XpoFdepe （你将有机会直接获得面试资格）", source: https://ss1.bdstatic.com/5eN1bjq8AAUYm2zgoY3K/r/www/cache/static/protocol/https/global/js/all_async_search_8b82c51.js (179)
[0113/141506.578:INFO:CONSOLE(726)] "A parser-blocking, cross site (i.e. different eTLD+1) script, https://ss1.bdstatic.com/5eN1bjq8AAUYm2zgoY3K/r/www/cache/static/protocol/https/global/js/all_async_search_8b82c51.js, is invoked via document.write. The network request for this script MAY be blocked by the browser in this or a future page load due to poor network connectivity. If blocked in this page load, it will be confirmed in a subsequent console message. See https://www.chromestatus.com/feature/5718547946799104 for more details.", source: https://www.baidu.com/ (726)
[0113/141506.578:INFO:CONSOLE(726)] "A parser-blocking, cross site (i.e. different eTLD+1) script, https://ss1.bdstatic.com/5eN1bjq8AAUYm2zgoY3K/r/www/cache/static/protocol/https/global/js/all_async_search_8b82c51.js, is invoked via document.write. The network request for this script MAY be blocked by the browser in this or a future page load due to poor network connectivity. If blocked in this page load, it will be confirmed in a subsequent console message. See https://www.chromestatus.com/feature/5718547946799104 for more details.", source: https://www.baidu.com/ (726)
[0113/141506.659:INFO:CONSOLE(179)] "同学，祝贺你喜提彩蛋~
或许你们还在犹豫是否加入，我会坦诚的告诉你我们超酷；
在这里大家都用无人车代步，AI音箱不仅播放还可以交互；
人工智能是发展的核心技术，做自己让未来不只领先几步；
在这里做自己，欢迎来到百度！
", source: https://ss1.bdstatic.com/5eN1bjq8AAUYm2zgoY3K/r/www/cache/static/protocol/https/global/js/all_async_search_8b82c51.js (179)
[0113/141506.660:INFO:CONSOLE(179)] "%c百度2019校园招聘简历提交：http://dwz.cn/XpoFdepe （你将有机会直接获得面试资格）", source: https://ss1.bdstatic.com/5eN1bjq8AAUYm2zgoY3K/r/www/cache/static/protocol/https/global/js/all_async_search_8b82c51.js (179)
[0113/141524.005:INFO:CONSOLE(726)] "A parser-blocking, cross site (i.e. different eTLD+1) script, https://ss1.bdstatic.com/5eN1bjq8AAUYm2zgoY3K/r/www/cache/static/protocol/https/global/js/all_async_search_8b82c51.js, is invoked via document.write. The network request for this script MAY be blocked by the browser in this or a future page load due to poor network connectivity. If blocked in this page load, it will be confirmed in a subsequent console message. See https://www.chromestatus.com/feature/5718547946799104 for more details.", source: https://www.baidu.com/ (726)
[0113/141524.006:INFO:CONSOLE(726)] "A parser-blocking, cross site (i.e. different eTLD+1) script, https://ss1.bdstatic.com/5eN1bjq8AAUYm2zgoY3K/r/www/cache/static/protocol/https/global/js/all_async_search_8b82c51.js, is invoked via document.write. The network request for this script MAY be blocked by the browser in this or a future page load due to poor network connectivity. If blocked in this page load, it will be confirmed in a subsequent console message. See https://www.chromestatus.com/feature/5718547946799104 for more details.", source: https://www.baidu.com/ (726)
[0113/141524.072:INFO:CONSOLE(4)] "Uncaught ReferenceError: c is not defined", source: https://ss1.bdstatic.com/5eN1bjq8AAUYm2zgoY3K/r/www/cache/static/protocol/https/plugins/every_cookie_4644b13.js (4)
[0113/141524.084:INFO:CONSOLE(179)] "同学，祝贺你喜提彩蛋~
或许你们还在犹豫是否加入，我会坦诚的告诉你我们超酷；
在这里大家都用无人车代步，AI音箱不仅播放还可以交互；
人工智能是发展的核心技术，做自己让未来不只领先几步；
在这里做自己，欢迎来到百度！
", source: https://ss1.bdstatic.com/5eN1bjq8AAUYm2zgoY3K/r/www/cache/static/protocol/https/global/js/all_async_search_8b82c51.js (179)
[0113/141524.085:INFO:CONSOLE(179)] "%c百度2019校园招聘简历提交：http://dwz.cn/XpoFdepe （你将有机会直接获得面试资格）", source: https://ss1.bdstatic.com/5eN1bjq8AAUYm2zgoY3K/r/www/cache/static/protocol/https/global/js/all_async_search_8b82c51.js (179)
[0113/141837.207:INFO:CONSOLE(726)] "A parser-blocking, cross site (i.e. different eTLD+1) script, https://ss1.bdstatic.com/5eN1bjq8AAUYm2zgoY3K/r/www/cache/static/protocol/https/global/js/all_async_search_8b82c51.js, is invoked via document.write. The network request for this script MAY be blocked by the browser in this or a future page load due to poor network connectivity. If blocked in this page load, it will be confirmed in a subsequent console message. See https://www.chromestatus.com/feature/5718547946799104 for more details.", source: https://www.baidu.com/ (726)
[0113/141837.208:INFO:CONSOLE(726)] "A parser-blocking, cross site (i.e. different eTLD+1) script, https://ss1.bdstatic.com/5eN1bjq8AAUYm2zgoY3K/r/www/cache/static/protocol/https/global/js/all_async_search_8b82c51.js, is invoked via document.write. The network request for this script MAY be blocked by the browser in this or a future page load due to poor network connectivity. If blocked in this page load, it will be confirmed in a subsequent console message. See https://www.chromestatus.com/feature/5718547946799104 for more details.", source: https://www.baidu.com/ (726)
[0113/141837.284:INFO:CONSOLE(179)] "同学，祝贺你喜提彩蛋~
或许你们还在犹豫是否加入，我会坦诚的告诉你我们超酷；
在这里大家都用无人车代步，AI音箱不仅播放还可以交互；
人工智能是发展的核心技术，做自己让未来不只领先几步；
在这里做自己，欢迎来到百度！
", source: https://ss1.bdstatic.com/5eN1bjq8AAUYm2zgoY3K/r/www/cache/static/protocol/https/global/js/all_async_search_8b82c51.js (179)
[0113/141837.284:INFO:CONSOLE(179)] "%c百度2019校园招聘简历提交：http://dwz.cn/XpoFdepe （你将有机会直接获得面试资格）", source: https://ss1.bdstatic.com/5eN1bjq8AAUYm2zgoY3K/r/www/cache/static/protocol/https/global/js/all_async_search_8b82c51.js (179)
[0113/141856.834:INFO:CONSOLE(726)] "A parser-blocking, cross site (i.e. different eTLD+1) script, https://ss1.bdstatic.com/5eN1bjq8AAUYm2zgoY3K/r/www/cache/static/protocol/https/global/js/all_async_search_8b82c51.js, is invoked via document.write. The network request for this script MAY be blocked by the browser in this or a future page load due to poor network connectivity. If blocked in this page load, it will be confirmed in a subsequent console message. See https://www.chromestatus.com/feature/5718547946799104 for more details.", source: https://www.baidu.com/ (726)
[0113/141856.835:INFO:CONSOLE(726)] "A parser-blocking, cross site (i.e. different eTLD+1) script, https://ss1.bdstatic.com/5eN1bjq8AAUYm2zgoY3K/r/www/cache/static/protocol/https/global/js/all_async_search_8b82c51.js, is invoked via document.write. The network request for this script MAY be blocked by the browser in this or a future page load due to poor network connectivity. If blocked in this page load, it will be confirmed in a subsequent console message. See https://www.chromestatus.com/feature/5718547946799104 for more details.", source: https://www.baidu.com/ (726)
[0113/141856.892:INFO:CONSOLE(4)] "Uncaught ReferenceError: c is not defined", source: https://ss1.bdstatic.com/5eN1bjq8AAUYm2zgoY3K/r/www/cache/static/protocol/https/plugins/every_cookie_4644b13.js (4)
[0113/141856.944:INFO:CONSOLE(179)] "同学，祝贺你喜提彩蛋~
或许你们还在犹豫是否加入，我会坦诚的告诉你我们超酷；
在这里大家都用无人车代步，AI音箱不仅播放还可以交互；
人工智能是发展的核心技术，做自己让未来不只领先几步；
在这里做自己，欢迎来到百度！
", source: https://ss1.bdstatic.com/5eN1bjq8AAUYm2zgoY3K/r/www/cache/static/protocol/https/global/js/all_async_search_8b82c51.js (179)
[0113/141856.944:INFO:CONSOLE(179)] "%c百度2019校园招聘简历提交：http://dwz.cn/XpoFdepe （你将有机会直接获得面试资格）", source: https://ss1.bdstatic.com/5eN1bjq8AAUYm2zgoY3K/r/www/cache/static/protocol/https/global/js/all_async_search_8b82c51.js (179)
[0113/142640.830:ERROR:render_media_log.cc(30)] MediaEvent: MEDIA_ERROR_LOG_ENTRY {"error":"FFmpegDemuxer: no supported streams"}
[0113/142641.066:ERROR:render_media_log.cc(30)] MediaEvent: PIPELINE_ERROR DEMUXER_ERROR_NO_SUPPORTED_STREAMS
[0113/142654.240:ERROR:render_media_log.cc(30)] MediaEvent: MEDIA_ERROR_LOG_ENTRY {"error":"FFmpegDemuxer: no supported streams"}
[0113/142654.279:ERROR:render_media_log.cc(30)] MediaEvent: PIPELINE_ERROR DEMUXER_ERROR_NO_SUPPORTED_STREAMS
[0113/142800.205:ERROR:gpu_process_transport_factory.cc(1017)] Lost UI shared context.
[0113/142802.283:ERROR:render_media_log.cc(30)] MediaEvent: MEDIA_ERROR_LOG_ENTRY {"error":"FFmpegDemuxer: no supported streams"}
[0113/142802.301:ERROR:render_media_log.cc(30)] MediaEvent: PIPELINE_ERROR DEMUXER_ERROR_NO_SUPPORTED_STREAMS
[0113/142820.810:ERROR:render_media_log.cc(30)] MediaEvent: MEDIA_ERROR_LOG_ENTRY {"error":"FFmpegDemuxer: no supported streams"}
[0113/142820.840:ERROR:render_media_log.cc(30)] MediaEvent: PIPELINE_ERROR DEMUXER_ERROR_NO_SUPPORTED_STREAMS
[0113/142834.707:ERROR:render_media_log.cc(30)] MediaEvent: MEDIA_ERROR_LOG_ENTRY {"error":"FFmpegDemuxer: no supported streams"}
[0113/142834.713:ERROR:render_media_log.cc(30)] MediaEvent: PIPELINE_ERROR DEMUXER_ERROR_NO_SUPPORTED_STREAMS
[0113/142843.930:ERROR:render_media_log.cc(30)] MediaEvent: MEDIA_ERROR_LOG_ENTRY {"error":"FFmpegDemuxer: no supported streams"}
[0113/142843.946:ERROR:render_media_log.cc(30)] MediaEvent: PIPELINE_ERROR DEMUXER_ERROR_NO_SUPPORTED_STREAMS
[0113/142844.816:ERROR:render_media_log.cc(30)] MediaEvent: MEDIA_ERROR_LOG_ENTRY {"error":"FFmpegDemuxer: no supported streams"}
[0113/142844.827:ERROR:render_media_log.cc(30)] MediaEvent: PIPELINE_ERROR DEMUXER_ERROR_NO_SUPPORTED_STREAMS
[0113/142844.830:WARNING:spdy_session.cc(3097)] Received HEADERS for invalid stream 23
[0113/142845.650:ERROR:render_media_log.cc(30)] MediaEvent: MEDIA_ERROR_LOG_ENTRY {"error":"FFmpegDemuxer: no supported streams"}
[0113/142845.664:ERROR:render_media_log.cc(30)] MediaEvent: PIPELINE_ERROR DEMUXER_ERROR_NO_SUPPORTED_STREAMS
